[2024-08-11 17:51:03 +0700] [174193] [INFO] Starting gunicorn 23.0.0
[2024-08-11 17:51:03 +0700] [174193] [INFO] Listening at: http://127.0.0.1:8000 (174193)
[2024-08-11 17:51:03 +0700] [174193] [INFO] Using worker: sync
[2024-08-11 17:51:03 +0700] [174194] [INFO] Booting worker with pid: 174194
[2024-08-11 17:51:03 +0700] [174195] [INFO] Booting worker with pid: 174195
[2024-08-11 17:51:03 +0700] [174196] [INFO] Booting worker with pid: 174196
Not Found: /
Not Found: /ws/ws
Not Found: /api/v1
Not Found: /api/v1/ws/ws
Not Found: /api/v1/mediafiles/ws/ws
Not Found: /api/v1/ws/ws
Not Found: /api/v1/ws/ws
Not Found: /api/v1/ws/ws
Not Found: /api/v1/ws/ws
Not Found: /api/v1/ws/ws
Not Found: /api/v1/ws/ws
Not Found: /api/v1/ws/ws
Not Found: /api/v1/ws/ws
Not Found: /api/v1/ws/ws
Not Found: /api/v1/ws/ws
Not Found: /api/v1/ws/ws
Not Found: /api/v1/ws/ws
Not Found: /api/v1/ws/ws
Not Found: /api/v1/ws/ws
Not Found: /api/v1/ws/ws
Not Found: /api/v1/ws/ws
Not Found: /api/v1/ws/ws
Not Found: /api/v1/ws/ws
Not Found: /api/v1/ws/ws
Not Found: /api/v1/ws/ws
Not Found: /api/v1/ws/ws
Not Found: /api/v1/ws/ws
Not Found: /api/v1/ws/ws
Not Found: /api/v1/ws/ws
Not Found: /api/v1/ws/ws
Not Found: /api/v1/mediafiles/ws/ws
Not Found: /api/v1/mediafiles/ws/ws
Not Found: /media/c16cfae4-946e-4cc6-a019-95619e23155c.jpg
Not Found: /media/ws/ws
Not Found: /api/v1/ws/ws
Not Found: /api/v1/ws/ws
Not Found: /api/v1/ws/ws
Not Found: /api/v1/ws/ws
Not Found: /
Not Found: /api/v1/ws/ws
Not Found: /api/v1/ws/ws
Not Found: /api/v1/ws/ws
Not Found: /api/v1/ws/ws
Not Found: /api/v1/ws/ws
Not Found: /api/v1/ws/ws
Not Found: /
Not Found: /api/v1/ws/ws
Not Found: /api/v1/ws/ws
Not Found: /api/v1/mediafiles/ws/ws
Not Found: /api/v1/ws/ws
Not Found: /api/v1/ws/ws
Not Found: /api/v1/ws/ws
Not Found: /api/v1/ws/ws
Not Found: /api/v1/ws/ws
Not Found: /api/v1/ws/ws
Not Found: /api/v1/ws/ws
Not Found: /api/v1/ws/ws
Not Found: /api/v1/ws/ws
Not Found: /api/v1/ws/ws
Not Found: /
Not Found: /robots.txt
Not Found: /sitemap.xml
Not Found: /.well-known/security.txt
Not Found: /api/v1/ws/ws
Not Found: /api/v1/ws/ws
Not Found: /api/v1/ws/ws
Not Found: /api/v1/ws/ws
Not Found: /api/v1/ws/ws
Not Found: /api/v1/ws/ws
Not Found: /api/v1/ws/ws
Not Found: /api/v1/ws/ws
Not Found: /api/v1/ws/ws
Not Found: /api/v1/ws/ws
Not Found: /api/v1/ws/ws
Not Found: /api/v1/ws/ws
Not Found: /api/v1/mediafiles/ws/ws
Not Found: /api/v1/ws/ws
Not Found: /api/v1/ws/ws
Not Found: /api/v1/ws/ws
Not Found: /api/v1/ws/ws
Not Found: /api/v1/ws/ws
Not Found: /api/v1/ws/ws
Not Found: /api/v1/ws/ws
[2024-08-11 18:20:38 +0700] [174193] [INFO] Handling signal: hup
[2024-08-11 18:20:38 +0700] [174193] [INFO] Hang up: Master
[2024-08-11 18:20:38 +0700] [174193] [ERROR] Worker (pid:174195) was sent SIGHUP!
[2024-08-11 18:20:38 +0700] [174193] [ERROR] Worker (pid:174194) was sent SIGHUP!
[2024-08-11 18:20:38 +0700] [174193] [ERROR] Worker (pid:174196) was sent SIGHUP!
[2024-08-11 18:20:38 +0700] [175560] [INFO] Booting worker with pid: 175560
[2024-08-11 18:20:38 +0700] [175561] [INFO] Booting worker with pid: 175561
[2024-08-11 18:20:38 +0700] [175562] [INFO] Booting worker with pid: 175562
Not Found: /api/static/css/style.css
Not Found: /api/static/css/ws/ws
Not Found: /api/v1/ws/ws
Not Found: /api/v1/ws/ws
Not Found: /api/v1/ws/ws
Not Found: /api/v1/ws/ws
Not Found: /api/v1/ws/ws
Not Found: /api/v1/ws/ws
Not Found: /api/v1/ws/ws
Not Found: /
Not Found: /
Not Found: /api/v1/mediafiles/ws/ws
Not Found: /api/v1/ws/ws
Not Found: /api/v1/ws/ws
Not Found: /api/v1/ws/ws
Not Found: /api/v1/ws/ws
Not Found: /api/v1/ws/ws
Not Found: /api/v1/ws/ws
Not Found: /api/v1/ws/ws
Not Found: /api/v1/ws/ws
Not Found: /api/v1/ws/ws
Not Found: /
Not Found: /api/v1/mediafiles/ws/ws
Not Found: /api/v1/mediafiles
Not Found: /
Not Found: /
Not Found: /
Not Found: /
Not Found: /
Not Found: /portal/redlion
Not Found: /
Not Found: /
Not Found: /
Not Found: /cgi-bin/luci/;stok=/locale
Not Found: /cgi-bin/luci/;stok=/locale
Not Found: /
Not Found: /
Not Found: /
Not Found: /
Not Found: /
Not Found: /
Not Found: /
Not Found: /
Not Found: /
Not Found: /
Not Found: /
Not Found: /HNAP1/
Not Found: /
Not Found: /
Not Found: /HNAP1/
Not Found: /
Not Found: /
Not Found: /
Not Found: /cgi-bin/luci/;stok=/locale
Not Found: /manager/html
Not Found: /
Not Found: /
Not Found: /cgi-bin/luci/;stok=/locale
Not Found: /
Not Found: /
Not Found: /
Not Found: /
Not Found: /
Not Found: /
Not Found: /
Not Found: /
Not Found: /
Not Found: /
Not Found: /
Not Found: /
Not Found: /
Not Found: /
Not Found: /druid/index.html
Not Found: /vendor/phpunit/phpunit/src/Util/PHP/eval-stdin.php
Not Found: /vendor/phpunit/phpunit/Util/PHP/eval-stdin.php
Not Found: /vendor/phpunit/src/Util/PHP/eval-stdin.php
Not Found: /vendor/phpunit/Util/PHP/eval-stdin.php
Not Found: /vendor/phpunit/phpunit/LICENSE/eval-stdin.php
Not Found: /vendor/vendor/phpunit/phpunit/src/Util/PHP/eval-stdin.php
Not Found: /phpunit/phpunit/src/Util/PHP/eval-stdin.php
Not Found: /phpunit/phpunit/Util/PHP/eval-stdin.php
Not Found: /phpunit/src/Util/PHP/eval-stdin.php
Not Found: /phpunit/Util/PHP/eval-stdin.php
Not Found: /lib/phpunit/phpunit/src/Util/PHP/eval-stdin.php
Not Found: /lib/phpunit/phpunit/Util/PHP/eval-stdin.php
Not Found: /lib/phpunit/src/Util/PHP/eval-stdin.php
Not Found: /lib/phpunit/Util/PHP/eval-stdin.php
Not Found: /cgi-bin/luci/;stok=/locale
Not Found: /
Not Found: /
Not Found: /cgi-bin/luci/;stok=/locale
Not Found: /
Not Found: /
Not Found: /
Not Found: /
Not Found: /
Not Found: /
Not Found: /
Not Found: /.env
Not Found: /
Not Found: /.env
Not Found: /
Not Found: /form.html
Not Found: /upl.php
Not Found: /t4
Not Found: /geoip/
Not Found: /1.php
Not Found: /systembc/password.php
Not Found: /password.php
Not Found: /api/v1/mediafiles/ws/ws
Not Found: /api/v1/ws/ws
